0 https://paulwongprojects.com/portfolio/disoriental/
2023-03-13 02:01:14,254: [INFO]: Copied /home/jingyz/fidelity/recording/downloads/paulwongprojects.com_1.warc to /home/jingyz/fidelity/collections/collections/carta_interact/archive
1 https://floatingmuseum.org/
2023-03-13 02:04:28,541: [INFO]: Copied /home/jingyz/fidelity/recording/downloads/floatingmuseum.org_1.warc to /home/jingyz/fidelity/collections/collections/carta_interact/archive
2 https://www.artbrussels.com/en/fair-programme/off-programme/artist-curator-run-spaces/
2023-03-13 02:06:35,753: [INFO]: Copied /home/jingyz/fidelity/recording/downloads/www.artbrussels.com_1.warc to /home/jingyz/fidelity/collections/collections/carta_interact/archive
3 https://www.myragreene.com/pb3/application/views/app/_front/views/pages/contacts/contact03.html
2023-03-13 02:09:15,448: [INFO]: Copied /home/jingyz/fidelity/recording/downloads/www.myragreene.com_1.warc to /home/jingyz/fidelity/collections/collections/carta_interact/archive
4 https://www.radioatelier.ca/tag/gueze/
2023-03-13 02:10:38,116: [INFO]: Copied /home/jingyz/fidelity/recording/downloads/www.radioatelier.ca_1.warc to /home/jingyz/fidelity/collections/collections/carta_interact/archive
5 https://pavilionrus.com/en/the-gamer/dto/biennale-arte-2022/
2023-03-13 02:11:55,906: [INFO]: Copied /home/jingyz/fidelity/recording/downloads/pavilionrus.com_1.warc to /home/jingyz/fidelity/collections/collections/carta_interact/archive
6 https://publicknowledge.sfmoma.org/
2023-03-13 02:13:20,666: [INFO]: Copied /home/jingyz/fidelity/recording/downloads/publicknowledge.sfmoma.org_1.warc to /home/jingyz/fidelity/collections/collections/carta_interact/archive
7 http://gibsonhunterstudio.com/
2023-03-13 02:14:43,341: [INFO]: Copied /home/jingyz/fidelity/recording/downloads/gibsonhunterstudio.com_1.warc to /home/jingyz/fidelity/collections/collections/carta_interact/archive
8 https://platoauctions.com/2022/05/10/farm-auction-june-2022/img_8849/embed/
2023-03-13 02:15:14,003: [INFO]: Copied /home/jingyz/fidelity/recording/downloads/platoauctions.com_1.warc to /home/jingyz/fidelity/collections/collections/carta_interact/archive
9 https://candlewoodartsfestival.org/noe-olivas-interviews-silvia/
2023-03-13 02:16:34,129: [INFO]: Copied /home/jingyz/fidelity/recording/downloads/candlewoodartsfestival.org_1.warc to /home/jingyz/fidelity/collections/collections/carta_interact/archive
10 https://artandpractice.org/es/exhibitions/exhibition/deborah-roberts-im/
2023-03-13 02:20:04,795: [INFO]: Copied /home/jingyz/fidelity/recording/downloads/artandpractice.org_1.warc to /home/jingyz/fidelity/collections/collections/carta_interact/archive
11 https://www.lifeofacraphead.com/miscellaneous/
2023-03-13 02:23:18,743: [INFO]: Copied /home/jingyz/fidelity/recording/downloads/www.lifeofacraphead.com_1.warc to /home/jingyz/fidelity/collections/collections/carta_interact/archive
12 http://chicagoimagists.com/
2023-03-13 02:25:07,277: [INFO]: Copied /home/jingyz/fidelity/recording/downloads/chicagoimagists.com_1.warc to /home/jingyz/fidelity/collections/collections/carta_interact/archive
13 https://www.landoauctions.com/faqol.html
2023-03-13 02:26:39,428: [INFO]: Copied /home/jingyz/fidelity/recording/downloads/www.landoauctions.com_1.warc to /home/jingyz/fidelity/collections/collections/carta_interact/archive
14 https://www.fahamupecouart.com/store/p/soul-makossa-tee-red-1
Error: Execution context was destroyed, most likely because of a navigation.
    at rewriteError (/home/jingyz/fidelity/node_modules/puppeteer-core/lib/cjs/puppeteer/common/ExecutionContext.js:284:15)
    at processTicksAndRejections (internal/process/task_queues.js:95:5)
    at async ExecutionContext._ExecutionContext_evaluate (/home/jingyz/fidelity/node_modules/puppeteer-core/lib/cjs/puppeteer/common/ExecutionContext.js:227:56)
    at async ExecutionContext.evaluate (/home/jingyz/fidelity/node_modules/puppeteer-core/lib/cjs/puppeteer/common/ExecutionContext.js:107:16)
    at async interaction (/home/jingyz/fidelity/recording/live_recording.js:114:9)
    at async /home/jingyz/fidelity/recording/live_recording.js:225:13
15 https://www.skinnerinc.com/about/specialists/louis-krieger/
2023-03-13 02:28:46,312: [INFO]: Copied /home/jingyz/fidelity/recording/downloads/www.bonhams.com_1.warc to /home/jingyz/fidelity/collections/collections/carta_interact/archive
16 https://www.lucindabunnen.com/bio.html
2023-03-13 02:30:15,889: [INFO]: Copied /home/jingyz/fidelity/recording/downloads/www.lucindabunnen.com_1.warc to /home/jingyz/fidelity/collections/collections/carta_interact/archive
17 https://www.dirksoulisauctions.com/Cat/L1563-a-ladies-18k-gold-diamond-bracelet-approx-272-ct
2023-03-13 02:30:36,724: [INFO]: Copied /home/jingyz/fidelity/recording/downloads/soulisauctions.com_1.warc to /home/jingyz/fidelity/collections/collections/carta_interact/archive
18 https://www.eyedrum.org/calendar-events-performances-art-music/simone-baron-arco-belo-at-eyedrum
2023-03-13 02:35:48,437: [INFO]: Copied /home/jingyz/fidelity/recording/downloads/www.eyedrum.org_1.warc to /home/jingyz/fidelity/collections/collections/carta_interact/archive
ProtocolError: Protocol error (Runtime.callFunctionOn): Target closed.
    at /home/jingyz/fidelity/node_modules/puppeteer-core/lib/cjs/puppeteer/common/Connection.js:329:24
    at new Promise (<anonymous>)
    at CDPSessionImpl.send (/home/jingyz/fidelity/node_modules/puppeteer-core/lib/cjs/puppeteer/common/Connection.js:325:16)
    at ExecutionContext._ExecutionContext_evaluate (/home/jingyz/fidelity/node_modules/puppeteer-core/lib/cjs/puppeteer/common/ExecutionContext.js:211:46)
    at async ExecutionContext.evaluate (/home/jingyz/fidelity/node_modules/puppeteer-core/lib/cjs/puppeteer/common/ExecutionContext.js:107:16)
19 https://www.emilycarrfoundationshow.ca/2021/jade-hughes
2023-03-13 02:37:52,415: [INFO]: Copied /home/jingyz/fidelity/recording/downloads/www.emilycarrfoundationshow.ca_1.warc to /home/jingyz/fidelity/collections/collections/carta_interact/archive
20 https://www.contemporary.org/projects/the-ground/
2023-03-13 02:38:43,119: [INFO]: Copied /home/jingyz/fidelity/recording/downloads/www.contemporary.org_1.warc to /home/jingyz/fidelity/collections/collections/carta_interact/archive
21 https://bookproject2020.blogspot.com/
ProtocolError: Protocol error (Runtime.callFunctionOn): Execution context was destroyed.
    at /home/jingyz/fidelity/node_modules/puppeteer-core/lib/cjs/puppeteer/common/Connection.js:329:24
    at new Promise (<anonymous>)
    at CDPSessionImpl.send (/home/jingyz/fidelity/node_modules/puppeteer-core/lib/cjs/puppeteer/common/Connection.js:325:16)
    at ExecutionContext._ExecutionContext_evaluate (/home/jingyz/fidelity/node_modules/puppeteer-core/lib/cjs/puppeteer/common/ExecutionContext.js:211:46)
    at async ExecutionContext.evaluate (/home/jingyz/fidelity/node_modules/puppeteer-core/lib/cjs/puppeteer/common/ExecutionContext.js:107:16)
22 http://latvianpavilion.lv/
2023-03-13 02:40:40,537: [INFO]: Copied /home/jingyz/fidelity/recording/downloads/latvianpavilion.lv_1.warc to /home/jingyz/fidelity/collections/collections/carta_interact/archive
23 https://materiajournal.com/issues
2023-03-13 02:41:52,896: [INFO]: Copied /home/jingyz/fidelity/recording/downloads/materiajournal.com_1.warc to /home/jingyz/fidelity/collections/collections/carta_interact/archive
24 http://craigcamera.com/dag/se_table.htm
2023-03-13 02:42:35,077: [INFO]: Copied /home/jingyz/fidelity/recording/downloads/craigcamera.com_1.warc to /home/jingyz/fidelity/collections/collections/carta_interact/archive
25 https://missouriartists.org/activity/moremexh1514/
2023-03-13 02:44:46,175: [INFO]: Copied /home/jingyz/fidelity/recording/downloads/missouriartists.org_1.warc to /home/jingyz/fidelity/collections/collections/carta_interact/archive
Error: Evaluation failed: TypeError: Cannot read properties of null (reading 'contentDocument')
    at getDimensions (pptr://__puppeteer_evaluation_script__:33:46)
    at pptr://__puppeteer_evaluation_script__:44:16
    at ExecutionContext._ExecutionContext_evaluate (/home/jingyz/fidelity/node_modules/puppeteer-core/lib/cjs/puppeteer/common/ExecutionContext.js:181:19)
    at processTicksAndRejections (internal/process/task_queues.js:95:5)
    at async ExecutionContext.evaluate (/home/jingyz/fidelity/node_modules/puppeteer-core/lib/cjs/puppeteer/common/ExecutionContext.js:107:16)
    at async getDimensions (/home/jingyz/fidelity/utils/measure.js:6:20)
    at async Object.collectFidelityInfo (/home/jingyz/fidelity/utils/measure.js:21:24)
    at async /home/jingyz/fidelity/recording/check_replay.js:125:9
26 https://lavacoalition.art/Los-Angeles-Contemporary-Archive-LACA/
2023-03-13 02:45:48,862: [INFO]: Copied /home/jingyz/fidelity/recording/downloads/lavacoalition.art_1.warc to /home/jingyz/fidelity/collections/collections/carta_interact/archive
27 http://www.richardfung.ca/index.php?/writings/ron-fanfair-1991/
Error: Evaluation failed: ReferenceError: eli is not defined
    at pptr://__puppeteer_evaluation_script__:2:9
    at ExecutionContext._ExecutionContext_evaluate (/home/jingyz/fidelity/node_modules/puppeteer-core/lib/cjs/puppeteer/common/ExecutionContext.js:229:15)
    at processTicksAndRejections (internal/process/task_queues.js:95:5)
    at async ExecutionContext.evaluate (/home/jingyz/fidelity/node_modules/puppeteer-core/lib/cjs/puppeteer/common/ExecutionContext.js:107:16)
    at async interaction (/home/jingyz/fidelity/recording/live_recording.js:103:21)
    at async /home/jingyz/fidelity/recording/live_recording.js:225:13
28 https://ignasiaballi.net/Correction
ProtocolError: Protocol error (Page.captureScreenshot): Unable to capture screenshot
    at /home/jingyz/fidelity/node_modules/puppeteer-core/lib/cjs/puppeteer/common/Connection.js:329:24
    at new Promise (<anonymous>)
    at CDPSessionImpl.send (/home/jingyz/fidelity/node_modules/puppeteer-core/lib/cjs/puppeteer/common/Connection.js:325:16)
    at CDPPage._CDPPage_screenshotTask (/home/jingyz/fidelity/node_modules/puppeteer-core/lib/cjs/puppeteer/common/Page.js:1060:77)
    at processTicksAndRejections (internal/process/task_queues.js:95:5)
29 https://zygotepress.com/gallery/off-the-wall/
2023-03-13 02:47:28,675: [INFO]: Copied /home/jingyz/fidelity/recording/downloads/zygotepress.org_1.warc to /home/jingyz/fidelity/collections/collections/carta_interact/archive
30 https://2022.vbexhibitions.hk/
2023-03-13 02:51:13,808: [INFO]: Copied /home/jingyz/fidelity/recording/downloads/2022.vbexhibitions.hk_1.warc to /home/jingyz/fidelity/collections/collections/carta_interact/archive
31 https://www.wallergallery.com/strength-in-practice
2023-03-13 02:55:52,141: [INFO]: Copied /home/jingyz/fidelity/recording/downloads/www.wallergallery.com_1.warc to /home/jingyz/fidelity/collections/collections/carta_interact/archive
32 https://www.natasharia.com/black-space-black-art
2023-03-13 02:58:49,691: [INFO]: Copied /home/jingyz/fidelity/recording/downloads/www.natasharia.com_1.warc to /home/jingyz/fidelity/collections/collections/carta_interact/archive
33 https://alllightexpanded.com/
ProtocolError: Protocol error (Page.captureScreenshot): Unable to capture screenshot
    at /home/jingyz/fidelity/node_modules/puppeteer-core/lib/cjs/puppeteer/common/Connection.js:329:24
    at new Promise (<anonymous>)
    at CDPSessionImpl.send (/home/jingyz/fidelity/node_modules/puppeteer-core/lib/cjs/puppeteer/common/Connection.js:325:16)
    at CDPPage._CDPPage_screenshotTask (/home/jingyz/fidelity/node_modules/puppeteer-core/lib/cjs/puppeteer/common/Page.js:1060:77)
    at processTicksAndRejections (internal/process/task_queues.js:95:5)
34 https://www.billreidgallery.ca/blogs/exhibitions-page/tagged/canadian-premiere
2023-03-13 03:01:24,793: [INFO]: Copied /home/jingyz/fidelity/recording/downloads/www.billreidgallery.ca_1.warc to /home/jingyz/fidelity/collections/collections/carta_interact/archive
35 https://greekpavilion2022.gr/visit/
2023-03-13 03:02:16,466: [INFO]: Copied /home/jingyz/fidelity/recording/downloads/greekpavilion2022.gr_1.warc to /home/jingyz/fidelity/collections/collections/carta_interact/archive
36 https://www.frontart.org/calendar/2020/12/27?type=
2023-03-13 03:03:02,755: [INFO]: Copied /home/jingyz/fidelity/recording/downloads/www.frontart.org_1.warc to /home/jingyz/fidelity/collections/collections/carta_interact/archive
37 https://stovallworkshop.com/
2023-03-13 03:04:13,662: [INFO]: Copied /home/jingyz/fidelity/recording/downloads/stovallworkshop.com_1.warc to /home/jingyz/fidelity/collections/collections/carta_interact/archive
38 https://venicebiennale.britishcouncil.org/exhibition-playlist
38 https://venicebiennale.britishcouncil.org/exhibition-playlist
2023-03-13 12:23:19,827: [INFO]: Copied /home/jingyz/fidelity/recording/downloads/venicebiennale.britishcouncil.org_1.warc to /home/jingyz/fidelity/collections/collections/carta_interact/archive
39 https://www.aaackc.org/archive-october-2020
2023-03-13 12:25:26,357: [INFO]: Copied /home/jingyz/fidelity/recording/downloads/www.aaackc.org_1.warc to /home/jingyz/fidelity/collections/collections/carta_interact/archive
40 https://www.monicareyesgallery.com/
2023-03-13 12:29:47,901: [INFO]: Copied /home/jingyz/fidelity/recording/downloads/www.monicareyesgallery.com_1.warc to /home/jingyz/fidelity/collections/collections/carta_interact/archive
41 https://hsead.org/2018-b-awards/
TimeoutError: Navigation timeout of 30000 ms exceeded
    at LifecycleWatcher._LifecycleWatcher_createTimeoutPromise (/home/jingyz/fidelity/node_modules/puppeteer-core/lib/cjs/puppeteer/common/LifecycleWatcher.js:174:12)
42 https://www.molokaiartscenter.org/
2023-03-13 12:33:55,324: [INFO]: Copied /home/jingyz/fidelity/recording/downloads/www.molokaiartscenter.org_1.warc to /home/jingyz/fidelity/collections/collections/carta_interact/archive
43 https://www.yyzartistsoutlet.org/events/2017-10/
2023-03-13 12:36:21,710: [INFO]: Copied /home/jingyz/fidelity/recording/downloads/www.yyzartistsoutlet.org_1.warc to /home/jingyz/fidelity/collections/collections/carta_interact/archive
44 https://www.arprim.org/component/tags/tag/dessins.html
2023-03-13 12:37:45,363: [INFO]: Copied /home/jingyz/fidelity/recording/downloads/www.arprim.org_1.warc to /home/jingyz/fidelity/collections/collections/carta_interact/archive
45 https://www.irelandatvenice2022.ie/press
2023-03-13 12:38:20,894: [INFO]: Copied /home/jingyz/fidelity/recording/downloads/www.irelandatvenice2022.ie_1.warc to /home/jingyz/fidelity/collections/collections/carta_interact/archive
46 https://pavilionofkosovo.com/al/rreth-nesh-2/
47 https://www.elevateatlart.com/news/nadya-zeitlin-and-bautanzt-here-explore-time%2C-space%2C-and-the-meaning-of-movement-in-%E2%80%9Cbody-guarding%E2%80%9D
2023-03-13 12:39:10,001: [INFO]: Copied /home/jingyz/fidelity/recording/downloads/www.elevateatlart.com_1.warc to /home/jingyz/fidelity/collections/collections/carta_interact/archive
48 https://www.forestcitygallery.com/product-page/november-laura-dirk
ProtocolError: Protocol error (Runtime.callFunctionOn): Execution context was destroyed.
    at /home/jingyz/fidelity/node_modules/puppeteer-core/lib/cjs/puppeteer/common/Connection.js:329:24
    at new Promise (<anonymous>)
    at CDPSessionImpl.send (/home/jingyz/fidelity/node_modules/puppeteer-core/lib/cjs/puppeteer/common/Connection.js:325:16)
    at ExecutionContext._ExecutionContext_evaluate (/home/jingyz/fidelity/node_modules/puppeteer-core/lib/cjs/puppeteer/common/ExecutionContext.js:211:46)
    at async ExecutionContext.evaluate (/home/jingyz/fidelity/node_modules/puppeteer-core/lib/cjs/puppeteer/common/ExecutionContext.js:107:16)
49 https://wyld.gallery/
2023-03-13 12:41:43,406: [INFO]: Copied /home/jingyz/fidelity/recording/downloads/wyld.gallery_1.warc to /home/jingyz/fidelity/collections/collections/carta_interact/archive
50 http://www.lauristallings.org/world-premiere-2015/
ProtocolError: Protocol error (Runtime.callFunctionOn): Execution context was destroyed.
    at /home/jingyz/fidelity/node_modules/puppeteer-core/lib/cjs/puppeteer/common/Connection.js:329:24
    at new Promise (<anonymous>)
    at CDPSessionImpl.send (/home/jingyz/fidelity/node_modules/puppeteer-core/lib/cjs/puppeteer/common/Connection.js:325:16)
    at ExecutionContext._ExecutionContext_evaluate (/home/jingyz/fidelity/node_modules/puppeteer-core/lib/cjs/puppeteer/common/ExecutionContext.js:211:46)
    at async ExecutionContext.evaluate (/home/jingyz/fidelity/node_modules/puppeteer-core/lib/cjs/puppeteer/common/ExecutionContext.js:107:16)
51 https://www.haystack-mtn.org/2022-public-programs/session-4-presentation-aug-1
2023-03-13 12:44:34,867: [INFO]: Copied /home/jingyz/fidelity/recording/downloads/www.haystack-mtn.org_1.warc to /home/jingyz/fidelity/collections/collections/carta_interact/archive
52 http://www.ktaylor.net/firmament/
2023-03-13 12:45:55,890: [INFO]: Copied /home/jingyz/fidelity/recording/downloads/www.ktaylor.net_1.warc to /home/jingyz/fidelity/collections/collections/carta_interact/archive
53 https://untitledartfairs.com/program/event/podcast-conversation-vulnerability-of-recent-times-water-ocean-body-environment-presented-by-sf-artists-alumni-sfaa/
2023-03-13 12:47:08,758: [INFO]: Copied /home/jingyz/fidelity/recording/downloads/untitledartfairs.com_1.warc to /home/jingyz/fidelity/collections/collections/carta_interact/archive
54 https://canadianart.ca/reviews/the-hottest-august/
2023-03-13 12:51:50,484: [INFO]: Copied /home/jingyz/fidelity/recording/downloads/canadianart.ca_1.warc to /home/jingyz/fidelity/collections/collections/carta_interact/archive
55 https://snagmetalsmith.org/product/all-things-are-new/?add-to-cart=39447
2023-03-13 12:56:24,398: [INFO]: Copied /home/jingyz/fidelity/recording/downloads/snagmetalsmith.org_1.warc to /home/jingyz/fidelity/collections/collections/carta_interact/archive
56 https://127garazh.org/en/vistavka/anton-malinovskij-vitaliya-shhelkanova-proverka-svyazi/
2023-03-13 12:57:36,042: [INFO]: Copied /home/jingyz/fidelity/recording/downloads/127garazh.org_1.warc to /home/jingyz/fidelity/collections/collections/carta_interact/archive
57 https://vault.jeancharlot.org/shown/shown-a_g.html
2023-03-13 12:58:16,741: [INFO]: Copied /home/jingyz/fidelity/recording/downloads/vault.jeancharlot.org_1.warc to /home/jingyz/fidelity/collections/collections/carta_interact/archive
58 http://www.chloebeaulac.com/ces-lieux-qui-nous-habitent/WEB_Ile,%20Lac-Labelle,%202019.jpg
2023-03-13 12:58:37,411: [INFO]: Copied /home/jingyz/fidelity/recording/downloads/www.chloebeaulac.com_1.warc to /home/jingyz/fidelity/collections/collections/carta_interact/archive
59 https://duoxduox.com/project/cultures-panic-room/embed/
2023-03-13 12:59:08,322: [INFO]: Copied /home/jingyz/fidelity/recording/downloads/duoxduox.com_1.warc to /home/jingyz/fidelity/collections/collections/carta_interact/archive
60 http://eriac.org/Abduction/
ProtocolError: Protocol error (Page.captureScreenshot): Unable to capture screenshot
    at /home/jingyz/fidelity/node_modules/puppeteer-core/lib/cjs/puppeteer/common/Connection.js:329:24
    at new Promise (<anonymous>)
    at CDPSessionImpl.send (/home/jingyz/fidelity/node_modules/puppeteer-core/lib/cjs/puppeteer/common/Connection.js:325:16)
    at CDPPage._CDPPage_screenshotTask (/home/jingyz/fidelity/node_modules/puppeteer-core/lib/cjs/puppeteer/common/Page.js:1060:77)
    at processTicksAndRejections (internal/process/task_queues.js:95:5)
61 https://www.equinoxgallery.com/exhibitions/ben-reevesbitten/
2023-03-13 13:03:14,955: [INFO]: Copied /home/jingyz/fidelity/recording/downloads/www.equinoxgallery.com_1.warc to /home/jingyz/fidelity/collections/collections/carta_interact/archive
62 https://aupuni.space/Umeke-Brown
2023-03-13 13:08:58,317: [INFO]: Copied /home/jingyz/fidelity/recording/downloads/aupuni.space_1.warc to /home/jingyz/fidelity/collections/collections/carta_interact/archive
63 https://majesticauction.ca/app-download
2023-03-13 13:09:37,910: [INFO]: Copied /home/jingyz/fidelity/recording/downloads/majesticauction.ca_1.warc to /home/jingyz/fidelity/collections/collections/carta_interact/archive
64 https://niadart.org/
2023-03-13 13:12:13,279: [INFO]: Copied /home/jingyz/fidelity/recording/downloads/niadart.org_1.warc to /home/jingyz/fidelity/collections/collections/carta_interact/archive
65 https://nbss.edu/full-time-programs/bookbinding/curriculum/
2023-03-13 13:15:28,961: [INFO]: Copied /home/jingyz/fidelity/recording/downloads/nbss.edu_1.warc to /home/jingyz/fidelity/collections/collections/carta_interact/archive
66 https://dcarts.emuseum.com/
2023-03-13 13:17:42,918: [INFO]: Copied /home/jingyz/fidelity/recording/downloads/dcarts.emuseum.com_1.warc to /home/jingyz/fidelity/collections/collections/carta_interact/archive
67 https://www.visualartscentre.ca/school-of-art/photo-gallery/teachers/noemie-sylvestre/
2023-03-13 13:18:38,211: [INFO]: Copied /home/jingyz/fidelity/recording/downloads/www.visualartscentre.ca_1.warc to /home/jingyz/fidelity/collections/collections/carta_interact/archive
68 https://www.gallery.ca/whats-on/around-the-world/la-biennale-di-venezia/stan-douglas-2011-1848
Error: Expected options.clip.width not to be 0.
    at assert (/home/jingyz/fidelity/node_modules/puppeteer-core/lib/cjs/puppeteer/util/assert.js:28:15)
    at CDPPage.screenshot (/home/jingyz/fidelity/node_modules/puppeteer-core/lib/cjs/puppeteer/common/Page.js:717:36)
    at Object.collectFidelityInfo (/home/jingyz/fidelity/utils/measure.js:25:16)
    at processTicksAndRejections (internal/process/task_queues.js:95:5)
    at async /home/jingyz/fidelity/recording/live_recording.js:221:9
69 https://pmvabf.org/
70 https://kansascityartistscoalition.org/Website2019/product/medusa-of-the-vies/?add-to-cart=42162
2023-03-13 13:20:02,488: [INFO]: Copied /home/jingyz/fidelity/recording/downloads/kansascityartistscoalition.org_1.warc to /home/jingyz/fidelity/collections/collections/carta_interact/archive
71 https://icca.art/opportunities/executive-director/
2023-03-13 13:20:47,758: [INFO]: Copied /home/jingyz/fidelity/recording/downloads/icca.art_1.warc to /home/jingyz/fidelity/collections/collections/carta_interact/archive
72 https://www.stablearts.org/
2023-03-13 13:21:16,336: [INFO]: Copied /home/jingyz/fidelity/recording/downloads/www.stablearts.org_1.warc to /home/jingyz/fidelity/collections/collections/carta_interact/archive
73 https://nationalmuseumofmexicanart.org/
2023-03-13 13:24:49,417: [INFO]: Copied /home/jingyz/fidelity/recording/downloads/nationalmuseumofmexicanart.org_1.warc to /home/jingyz/fidelity/collections/collections/carta_interact/archive
74 https://www.beatnation.org/credits.html
2023-03-13 13:28:13,242: [INFO]: Copied /home/jingyz/fidelity/recording/downloads/www.beatnation.org_1.warc to /home/jingyz/fidelity/collections/collections/carta_interact/archive
75 https://venezia-biennale-japan.jpf.go.jp/j/participants/katsuhiko-hibino
2023-03-13 13:28:43,774: [INFO]: Copied /home/jingyz/fidelity/recording/downloads/venezia-biennale-japan.jpf.go.jp_1.warc to /home/jingyz/fidelity/collections/collections/carta_interact/archive
76 https://www.primary-colours.ca/projects/120-indigenous-ally-toolkit
2023-03-13 13:29:19,432: [INFO]: Copied /home/jingyz/fidelity/recording/downloads/www.primary-colours.ca_1.warc to /home/jingyz/fidelity/collections/collections/carta_interact/archive
77 https://macm.org/activites/cercle-du-mac-au-1700-la-poste-avec-genevieve-cadieux/
2023-03-13 13:31:21,124: [INFO]: Copied /home/jingyz/fidelity/recording/downloads/macm.org_1.warc to /home/jingyz/fidelity/collections/collections/carta_interact/archive
78 https://www.hammersleyfoundation.org/index.php/artwork/self-portraits/186-self-portraits/413-popa0115
2023-03-13 13:33:08,724: [INFO]: Copied /home/jingyz/fidelity/recording/downloads/www.hammersleyfoundation.org_1.warc to /home/jingyz/fidelity/collections/collections/carta_interact/archive
79 http://area405.com/now/2014/9/19/autumn-leaves
2023-03-13 13:34:08,386: [INFO]: Copied /home/jingyz/fidelity/recording/downloads/area405.com_1.warc to /home/jingyz/fidelity/collections/collections/carta_interact/archive
80 https://www.blackartauction.com/author/chris/
2023-03-13 13:36:53,927: [INFO]: Copied /home/jingyz/fidelity/recording/downloads/www.blackartauction.com_1.warc to /home/jingyz/fidelity/collections/collections/carta_interact/archive
81 https://centerforartinwood.org/artwork/jewel-of-the-nile/?afw-ajax=get_price_for_auctions
2023-03-13 13:38:35,049: [INFO]: Copied /home/jingyz/fidelity/recording/downloads/museumforartinwood.org_1.warc to /home/jingyz/fidelity/collections/collections/carta_interact/archive
Error: Evaluation failed: TypeError: Cannot read properties of null (reading 'contentDocument')
    at getDimensions (pptr://__puppeteer_evaluation_script__:33:46)
    at pptr://__puppeteer_evaluation_script__:44:16
    at ExecutionContext._ExecutionContext_evaluate (/home/jingyz/fidelity/node_modules/puppeteer-core/lib/cjs/puppeteer/common/ExecutionContext.js:181:19)
    at processTicksAndRejections (internal/process/task_queues.js:95:5)
    at async ExecutionContext.evaluate (/home/jingyz/fidelity/node_modules/puppeteer-core/lib/cjs/puppeteer/common/ExecutionContext.js:107:16)
    at async getDimensions (/home/jingyz/fidelity/utils/measure.js:6:20)
    at async Object.collectFidelityInfo (/home/jingyz/fidelity/utils/measure.js:21:24)
    at async /home/jingyz/fidelity/recording/check_replay.js:125:9
82 https://williamkentfoundation.org/biography/attachment/william-kent-foundation-20/embed/
2023-03-13 13:39:10,930: [INFO]: Copied /home/jingyz/fidelity/recording/downloads/williamkentfoundation.org_1.warc to /home/jingyz/fidelity/collections/collections/carta_interact/archive
83 https://www.aci-iac.ca/fr/exposition-virtuelles/a-travers-lobjectif-de-c-d-hoy/galerie/98448/
2023-03-13 13:40:06,942: [INFO]: Copied /home/jingyz/fidelity/recording/downloads/www.aci-iac.ca_1.warc to /home/jingyz/fidelity/collections/collections/carta_interact/archive
84 https://grunt.ca/online-launch-new-documentation-response-by-tobias-ewe-for-recollective-vancouver-independent-archives-week/
2023-03-13 13:41:05,489: [INFO]: Copied /home/jingyz/fidelity/recording/downloads/grunt.ca_1.warc to /home/jingyz/fidelity/collections/collections/carta_interact/archive
85 https://whippersnapper.ca/exhibitions/vibe-arts-presents-launchpad
2023-03-13 13:41:54,522: [INFO]: Copied /home/jingyz/fidelity/recording/downloads/whippersnapper.ca_1.warc to /home/jingyz/fidelity/collections/collections/carta_interact/archive
86 https://fredtruck.com/digital-seals
2023-03-13 13:43:08,589: [INFO]: Copied /home/jingyz/fidelity/recording/downloads/fredtruck.com_1.warc to /home/jingyz/fidelity/collections/collections/carta_interact/archive
87 https://momus.ca/tag/rirkrit-tiravanija/
2023-03-13 13:45:44,510: [INFO]: Copied /home/jingyz/fidelity/recording/downloads/momus.ca_1.warc to /home/jingyz/fidelity/collections/collections/carta_interact/archive
88 http://front.nfshost.com/gatheringlanguage/
2023-03-13 13:46:56,105: [INFO]: Copied /home/jingyz/fidelity/recording/downloads/front.nfshost.com_1.warc to /home/jingyz/fidelity/collections/collections/carta_interact/archive
89 https://lesparadisdegranby.blogspot.com/2015/01/une-collection-dimages-et-didees.html?dynamicviews=1&v=0
2023-03-13 13:48:18,514: [INFO]: Copied /home/jingyz/fidelity/recording/downloads/lesparadisdegranby.blogspot.com_1.warc to /home/jingyz/fidelity/collections/collections/carta_interact/archive
90 http://tttheartist.com/art/
ProtocolError: Protocol error (Page.captureScreenshot): Unable to capture screenshot
    at /home/jingyz/fidelity/node_modules/puppeteer-core/lib/cjs/puppeteer/common/Connection.js:329:24
    at new Promise (<anonymous>)
    at CDPSessionImpl.send (/home/jingyz/fidelity/node_modules/puppeteer-core/lib/cjs/puppeteer/common/Connection.js:325:16)
    at CDPPage._CDPPage_screenshotTask (/home/jingyz/fidelity/node_modules/puppeteer-core/lib/cjs/puppeteer/common/Page.js:1060:77)
    at processTicksAndRejections (internal/process/task_queues.js:95:5)
91 https://www.masonfineartandevents.com/charly-palmer
2023-03-13 13:50:19,522: [INFO]: Copied /home/jingyz/fidelity/recording/downloads/www.masonfineartandevents.com_1.warc to /home/jingyz/fidelity/collections/collections/carta_interact/archive
92 https://croatianpavilion2022.com/irma-omerzo/
2023-03-13 13:51:03,419: [INFO]: Copied /home/jingyz/fidelity/recording/downloads/croatianpavilion2022.com_1.warc to /home/jingyz/fidelity/collections/collections/carta_interact/archive
93 https://frame-finland.fi/en/venice-biennale/venice-biennale-2022/pilvi-takala/
2023-03-13 13:52:11,655: [INFO]: Copied /home/jingyz/fidelity/recording/downloads/frame-finland.fi_1.warc to /home/jingyz/fidelity/collections/collections/carta_interact/archive
94 https://www.lilaoliverasher.com/
2023-03-13 13:53:26,206: [INFO]: Copied /home/jingyz/fidelity/recording/downloads/www.lilaoliverasher.com_1.warc to /home/jingyz/fidelity/collections/collections/carta_interact/archive
95 https://www.pilchuck.org/stories/high_design_featured_in_urban_glass_hot_sheet/
2023-03-13 13:54:24,428: [INFO]: Copied /home/jingyz/fidelity/recording/downloads/www.pilchuck.org_1.warc to /home/jingyz/fidelity/collections/collections/carta_interact/archive
96 https://sarahemerson.com/pictures-from-the-abyss
2023-03-13 13:55:43,564: [INFO]: Copied /home/jingyz/fidelity/recording/downloads/sarahemerson.com_1.warc to /home/jingyz/fidelity/collections/collections/carta_interact/archive
97 https://www.gkb-furniture.com/home.php?series=15
2023-03-13 13:57:40,991: [INFO]: Copied /home/jingyz/fidelity/recording/downloads/www.gkb-furniture.com_1.warc to /home/jingyz/fidelity/collections/collections/carta_interact/archive
98 https://www.firstvisionart.com/tania/lori.html
2023-03-13 13:58:55,921: [INFO]: Copied /home/jingyz/fidelity/recording/downloads/www.firstvisionart.com_1.warc to /home/jingyz/fidelity/collections/collections/carta_interact/archive
99 https://www.artsatl.org/atlanta-soundtrack-andrea-mud-small-pockets-and-vintage-van-hunt/
2023-03-13 14:01:01,753: [INFO]: Copied /home/jingyz/fidelity/recording/downloads/www.artsatl.org_1.warc to /home/jingyz/fidelity/collections/collections/carta_interact/archive
